# JRE version: OpenJDK Runtime Environment (8.0_242-b01) (build 1.8.0_242-release-1644-b01)
# Java VM: OpenJDK 64-Bit Server VM (25.242-b01 mixed mode windows-amd64 compressed oops)
Heap:
 PSYoungGen      total 488960K, used 69891K [0x00000000d5580000, 0x00000000fb600000, 0x0000000100000000)
  eden space 401408K, 14% used [0x00000000d5580000,0x00000000d8e13ca8,0x00000000edd80000)
  from space 87552K, 13% used [0x00000000edd80000,0x00000000ee92d188,0x00000000f3300000)
  to   space 86016K, 0% used [0x00000000f6200000,0x00000000f6200000,0x00000000fb600000)
 ParOldGen       total 339456K, used 202705K [0x0000000080000000, 0x0000000094b80000, 0x00000000d5580000)
  object space 339456K, 59% used [0x0000000080000000,0x000000008c5f4498,0x0000000094b80000)
 Metaspace       used 89407K, capacity 94286K, committed 94504K, reserved 1130496K
  class space    used 11617K, capacity 12544K, committed 12592K, reserved 1048576K
GC Heap History (10 events):
Event: 148.440 GC heap before
{Heap before GC invocations=32 (full 4):
 PSYoungGen      total 385024K, used 334842K [0x00000000d5580000, 0x00000000f3580000, 0x0000000100000000)
  eden space 321024K, 100% used [0x00000000d5580000,0x00000000e8f00000,0x00000000e8f00000)
  from space 64000K, 21% used [0x00000000e8f00000,0x00000000e9c7ea48,0x00000000ecd80000)
  to   space 61440K, 0% used [0x00000000ef980000,0x00000000ef980000,0x00000000f3580000)
 ParOldGen       total 285696K, used 205715K [0x0000000080000000, 0x0000000091700000, 0x00000000d5580000)
  object space 285696K, 72% used [0x0000000080000000,0x000000008c8e4fd8,0x0000000091700000)
 Metaspace       used 88156K, capacity 92792K, committed 92968K, reserved 1130496K
  class space    used 11560K, capacity 12481K, committed 12592K, reserved 1048576K
Event: 149.442 GC heap after
Heap after GC invocations=32 (full 4):
 PSYoungGen      total 412160K, used 61425K [0x00000000d5580000, 0x00000000f5e80000, 0x0000000100000000)
  eden space 350720K, 0% used [0x00000000d5580000,0x00000000d5580000,0x00000000eac00000)
  from space 61440K, 99% used [0x00000000ef980000,0x00000000f357c750,0x00000000f3580000)
  to   space 79360K, 0% used [0x00000000eac00000,0x00000000eac00000,0x00000000ef980000)
 ParOldGen       total 285696K, used 225249K [0x0000000080000000, 0x0000000091700000, 0x00000000d5580000)
  object space 285696K, 78% used [0x0000000080000000,0x000000008dbf8498,0x0000000091700000)
 Metaspace       used 88156K, capacity 92792K, committed 92968K, reserved 1130496K
  class space    used 11560K, capacity 12481K, committed 12592K, reserved 1048576K
}
Event: 160.100 GC heap before
{Heap before GC invocations=33 (full 4):
 PSYoungGen      total 412160K, used 412145K [0x00000000d5580000, 0x00000000f5e80000, 0x0000000100000000)
  eden space 350720K, 100% used [0x00000000d5580000,0x00000000eac00000,0x00000000eac00000)
  from space 61440K, 99% used [0x00000000ef980000,0x00000000f357c750,0x00000000f3580000)
  to   space 79360K, 0% used [0x00000000eac00000,0x00000000eac00000,0x00000000ef980000)
 ParOldGen       total 285696K, used 225249K [0x0000000080000000, 0x0000000091700000, 0x00000000d5580000)
  object space 285696K, 78% used [0x0000000080000000,0x000000008dbf8498,0x0000000091700000)
 Metaspace       used 88165K, capacity 92792K, committed 92968K, reserved 1130496K
  class space    used 11560K, capacity 12481K, committed 12592K, reserved 1048576K
Event: 161.560 GC heap after
Heap after GC invocations=33 (full 4):
 PSYoungGen      total 430080K, used 73959K [0x00000000d5580000, 0x00000000f9e00000, 0x0000000100000000)
  eden space 350720K, 0% used [0x00000000d5580000,0x00000000d5580000,0x00000000eac00000)
  from space 79360K, 93% used [0x00000000eac00000,0x00000000ef439f80,0x00000000ef980000)
  to   space 90624K, 0% used [0x00000000f4580000,0x00000000f4580000,0x00000000f9e00000)
 ParOldGen       total 285696K, used 266305K [0x0000000080000000, 0x0000000091700000, 0x00000000d5580000)
  object space 285696K, 93% used [0x0000000080000000,0x00000000904107f0,0x0000000091700000)
 Metaspace       used 88165K, capacity 92792K, committed 92968K, reserved 1130496K
  class space    used 11560K, capacity 12481K, committed 12592K, reserved 1048576K
}
Event: 161.569 GC heap before
{Heap before GC invocations=34 (full 5):
 PSYoungGen      total 430080K, used 73959K [0x00000000d5580000, 0x00000000f9e00000, 0x0000000100000000)
  eden space 350720K, 0% used [0x00000000d5580000,0x00000000d5580000,0x00000000eac00000)
  from space 79360K, 93% used [0x00000000eac00000,0x00000000ef439f80,0x00000000ef980000)
  to   space 90624K, 0% used [0x00000000f4580000,0x00000000f4580000,0x00000000f9e00000)
 ParOldGen       total 285696K, used 266305K [0x0000000080000000, 0x0000000091700000, 0x00000000d5580000)
  object space 285696K, 93% used [0x0000000080000000,0x00000000904107f0,0x0000000091700000)
 Metaspace       used 88165K, capacity 92792K, committed 92968K, reserved 1130496K
  class space    used 11560K, capacity 12481K, committed 12592K, reserved 1048576K
Event: 170.379 GC heap after
Heap after GC invocations=34 (full 5):
 PSYoungGen      total 430080K, used 0K [0x00000000d5580000, 0x00000000f9e00000, 0x0000000100000000)
  eden space 350720K, 0% used [0x00000000d5580000,0x00000000d5580000,0x00000000eac00000)
  from space 79360K, 0% used [0x00000000eac00000,0x00000000eac00000,0x00000000ef980000)
  to   space 90624K, 0% used [0x00000000f4580000,0x00000000f4580000,0x00000000f9e00000)
 ParOldGen       total 339456K, used 193349K [0x0000000080000000, 0x0000000094b80000, 0x00000000d5580000)
  object space 339456K, 56% used [0x0000000080000000,0x000000008bcd1698,0x0000000094b80000)
 Metaspace       used 88161K, capacity 92786K, committed 92968K, reserved 1130496K
  class space    used 11560K, capacity 12480K, committed 12592K, reserved 1048576K
}
Event: 424.304 GC heap before
{Heap before GC invocations=35 (full 5):
 PSYoungGen      total 430080K, used 350720K [0x00000000d5580000, 0x00000000f9e00000, 0x0000000100000000)
  eden space 350720K, 100% used [0x00000000d5580000,0x00000000eac00000,0x00000000eac00000)
  from space 79360K, 0% used [0x00000000eac00000,0x00000000eac00000,0x00000000ef980000)
  to   space 90624K, 0% used [0x00000000f4580000,0x00000000f4580000,0x00000000f9e00000)
 ParOldGen       total 339456K, used 193349K [0x0000000080000000, 0x0000000094b80000, 0x00000000d5580000)
  object space 339456K, 56% used [0x0000000080000000,0x000000008bcd1698,0x0000000094b80000)
 Metaspace       used 88788K, capacity 93546K, committed 93736K, reserved 1130496K
  class space    used 11591K, capacity 12496K, committed 12592K, reserved 1048576K
Event: 425.691 GC heap after
Heap after GC invocations=35 (full 5):
 PSYoungGen      total 470016K, used 39371K [0x00000000d5580000, 0x00000000f8880000, 0x0000000100000000)
  eden space 401408K, 0% used [0x00000000d5580000,0x00000000d5580000,0x00000000edd80000)
  from space 68608K, 57% used [0x00000000f4580000,0x00000000f6bf2d88,0x00000000f8880000)
  to   space 87552K, 0% used [0x00000000edd80000,0x00000000edd80000,0x00000000f3300000)
 ParOldGen       total 339456K, used 193357K [0x0000000080000000, 0x0000000094b80000, 0x00000000d5580000)
  object space 339456K, 56% used [0x0000000080000000,0x000000008bcd3698,0x0000000094b80000)
 Metaspace       used 88788K, capacity 93546K, committed 93736K, reserved 1130496K
  class space    used 11591K, capacity 12496K, committed 12592K, reserved 1048576K
}
Event: 2716.147 GC heap before
{Heap before GC invocations=36 (full 5):
 PSYoungGen      total 470016K, used 440779K [0x00000000d5580000, 0x00000000f8880000, 0x0000000100000000)
  eden space 401408K, 100% used [0x00000000d5580000,0x00000000edd80000,0x00000000edd80000)
  from space 68608K, 57% used [0x00000000f4580000,0x00000000f6bf2d88,0x00000000f8880000)
  to   space 87552K, 0% used [0x00000000edd80000,0x00000000edd80000,0x00000000f3300000)
 ParOldGen       total 339456K, used 193357K [0x0000000080000000, 0x0000000094b80000, 0x00000000d5580000)
  object space 339456K, 56% used [0x0000000080000000,0x000000008bcd3698,0x0000000094b80000)
 Metaspace       used 89405K, capacity 94286K, committed 94504K, reserved 1130496K
  class space    used 11617K, capacity 12544K, committed 12592K, reserved 1048576K
Event: 2716.952 GC heap after
Heap after GC invocations=36 (full 5):
 PSYoungGen      total 488960K, used 11956K [0x00000000d5580000, 0x00000000fb600000, 0x0000000100000000)
  eden space 401408K, 0% used [0x00000000d5580000,0x00000000d5580000,0x00000000edd80000)
  from space 87552K, 13% used [0x00000000edd80000,0x00000000ee92d188,0x00000000f3300000)
  to   space 86016K, 0% used [0x00000000f6200000,0x00000000f6200000,0x00000000fb600000)
 ParOldGen       total 339456K, used 202705K [0x0000000080000000, 0x0000000094b80000, 0x00000000d5580000)
  object space 339456K, 59% used [0x0000000080000000,0x000000008c5f4498,0x0000000094b80000)
 Metaspace       used 89405K, capacity 94286K, committed 94504K, reserved 1130496K
  class space    used 11617K, capacity 12544K, committed 12592K, reserved 1048576K
}

